# JRE version: OpenJDK Runtime Environment (8.0_212-b03) (build 1.8.0_212-8u212-b03-0ubuntu1.18.04.1-b03)
# Java VM: OpenJDK 64-Bit Server VM (25.212-b03 mixed mode linux-amd64 compressed oops)
Heap:
 garbage-first heap   total 253952K, used 62464K [0x00000000c0000000, 0x00000000c01007c0, 0x0000000100000000)
  region size 1024K, 1 young (1024K), 1 survivors (1024K)
 Metaspace       used 49464K, capacity 52254K, committed 52428K, reserved 1095680K
  class space    used 5905K, capacity 6780K, committed 6860K, reserved 1048576K
GC Heap History (10 events):
Event: 19,648 GC heap after
Heap after GC invocations=16 (full 0):
 garbage-first heap   total 126976K, used 55989K [0x00000000c0000000, 0x00000000c01003e0, 0x0000000100000000)
  region size 1024K, 8 young (8192K), 8 survivors (8192K)
 Metaspace       used 49400K, capacity 52172K, committed 52428K, reserved 1095680K
  class space    used 5903K, capacity 6777K, committed 6860K, reserved 1048576K
}
Event: 20,221 GC heap before
{Heap before GC invocations=16 (full 0):
 garbage-first heap   total 126976K, used 105141K [0x00000000c0000000, 0x00000000c01003e0, 0x0000000100000000)
  region size 1024K, 56 young (57344K), 8 survivors (8192K)
 Metaspace       used 49458K, capacity 52254K, committed 52428K, reserved 1095680K
  class space    used 5905K, capacity 6780K, committed 6860K, reserved 1048576K
Event: 20,324 GC heap after
Heap after GC invocations=17 (full 0):
 garbage-first heap   total 126976K, used 58743K [0x00000000c0000000, 0x00000000c01003e0, 0x0000000100000000)
  region size 1024K, 7 young (7168K), 7 survivors (7168K)
 Metaspace       used 49458K, capacity 52254K, committed 52428K, reserved 1095680K
  class space    used 5905K, capacity 6780K, committed 6860K, reserved 1048576K
}
Event: 20,825 GC heap before
{Heap before GC invocations=17 (full 0):
 garbage-first heap   total 126976K, used 105847K [0x00000000c0000000, 0x00000000c01003e0, 0x0000000100000000)
  region size 1024K, 53 young (54272K), 7 survivors (7168K)
 Metaspace       used 49459K, capacity 52254K, committed 52428K, reserved 1095680K
  class space    used 5905K, capacity 6780K, committed 6860K, reserved 1048576K
Event: 20,877 GC heap after
Heap after GC invocations=18 (full 0):
 garbage-first heap   total 126976K, used 69954K [0x00000000c0000000, 0x00000000c01003e0, 0x0000000100000000)
  region size 1024K, 7 young (7168K), 7 survivors (7168K)
 Metaspace       used 49459K, capacity 52254K, committed 52428K, reserved 1095680K
  class space    used 5905K, capacity 6780K, committed 6860K, reserved 1048576K
}
Event: 21,083 GC heap before
{Heap before GC invocations=18 (full 0):
 garbage-first heap   total 126976K, used 105794K [0x00000000c0000000, 0x00000000c01003e0, 0x0000000100000000)
  region size 1024K, 42 young (43008K), 7 survivors (7168K)
 Metaspace       used 49462K, capacity 52254K, committed 52428K, reserved 1095680K
  class space    used 5905K, capacity 6780K, committed 6860K, reserved 1048576K
Event: 21,145 GC heap after
Heap after GC invocations=19 (full 0):
 garbage-first heap   total 126976K, used 78848K [0x00000000c0000000, 0x00000000c01003e0, 0x0000000100000000)
  region size 1024K, 6 young (6144K), 6 survivors (6144K)
 Metaspace       used 49462K, capacity 52254K, committed 52428K, reserved 1095680K
  class space    used 5905K, capacity 6780K, committed 6860K, reserved 1048576K
}
Event: 21,479 GC heap before
{Heap before GC invocations=20 (full 0):
 garbage-first heap   total 126976K, used 91136K [0x00000000c0000000, 0x00000000c01003e0, 0x0000000100000000)
  region size 1024K, 34 young (34816K), 6 survivors (6144K)
 Metaspace       used 49463K, capacity 52254K, committed 52428K, reserved 1095680K
  class space    used 5905K, capacity 6780K, committed 6860K, reserved 1048576K
Event: 21,545 GC heap after
Heap after GC invocations=21 (full 0):
 garbage-first heap   total 126976K, used 70656K [0x00000000c0000000, 0x00000000c01003e0, 0x0000000100000000)
  region size 1024K, 5 young (5120K), 5 survivors (5120K)
 Metaspace       used 49463K, capacity 52254K, committed 52428K, reserved 1095680K
  class space    used 5905K, capacity 6780K, committed 6860K, reserved 1048576K
}
Event: 21,572 GC heap before
{Heap before GC invocations=21 (full 0):
 garbage-first heap   total 126976K, used 71680K [0x00000000c0000000, 0x00000000c01003e0, 0x0000000100000000)
  region size 1024K, 6 young (6144K), 5 survivors (5120K)
 Metaspace       used 49464K, capacity 52254K, committed 52428K, reserved 1095680K
  class space    used 5905K, capacity 6780K, committed 6860K, reserved 1048576K

